<?xml version="1.0" encoding="utf-8"?><testsuites name="pytest tests"><testsuite name="pytest" errors="0" failures="2" skipped="0" tests="22" time="2.594" timestamp="2026-08-28T07:30:09.615902+00:00" hostname="agent-env-4f11bd87-7123-4517-b725-8fe95f95a5f7"><testcase classname="tests.test_iteration5.TestOpportunities" name="test_legacy_demo_data_gone" time="0.301" /><testcase classname="tests.test_iteration5.TestSubmissionFlow" name="test_public_submission_no_auth" time="0.129" /><testcase classname="tests.test_iteration5.TestSubmissionFlow" name="test_submission_validation" time="0.068" /><testcase classname="tests.test_iteration5.TestSubmissionFlow" name="test_admin_verify" time="0.169" /><testcase classname="tests.test_iteration5.TestOpportunities" name="test_only_scraped_or_community_items" time="0.036" /><testcase classname="tests.test_iteration5.TestOpportunities" name="test_source_scraper_field_exposed" time="0.035"><failure message="AssertionError: source_scraper stripped by response model&#10;assert 'source_scraper' in {'id': 'etenders-d52e05294ab4be05', 'title': 'MANUFACTURE, TESTING, SUPPLY AND DELIVERY OF LV WIRING CABLE AND FLEXIBLE CORDS', 'organisation': 'South African Government', 'category': 'tender', ...}">E   AssertionError: source_scraper stripped by response model
    assert 'source_scraper' in {'id': 'etenders-d52e05294ab4be05', 'title': 'MANUFACTURE, TESTING, SUPPLY AND DELIVERY OF LV WIRING CABLE AND FLEXIBLE CORDS', 'organisation': 'South African Government', 'category': 'tender', ...}</failure></testcase><testcase classname="tests.test_iteration5.TestSubmissionFlow" name="test_admin_list_submissions" time="0.153" /><testcase classname="tests.test_iteration5.TestOpportunities" name="test_category_filter" time="0.070" /><testcase classname="tests.test_iteration5.TestOpportunities" name="test_stats" time="0.080" /><testcase classname="tests.test_iteration5.TestSubmissionFlow" name="test_approve_creates_opportunity" time="0.398" /><testcase classname="tests.test_iteration5.TestOpportunities" name="test_detail_and_share" time="0.265" /><testcase classname="tests.test_iteration5.TestScrapeAuth" name="test_scrape_now_unauthorized" time="0.146" /><testcase classname="tests.test_iteration5.TestSubmissionFlow" name="test_approve_requires_admin" time="0.285" /><testcase classname="tests.test_iteration5.TestScrapeAuth" name="test_scrape_now_authorized" time="0.031" /><testcase classname="tests.test_iteration5.TestScrapeAuth" name="test_cron_scrape_auth" time="0.226" /><testcase classname="tests.test_iteration5.TestScrapeAuth" name="test_secrets_not_leaked" time="0.099" /><testcase classname="tests.test_iteration5.TestSubmissionFlow" name="test_reject_does_not_publish" time="0.299" /><testcase classname="tests.test_iteration5.TestSources" name="test_sources_list" time="0.099" /><testcase classname="tests.test_iteration5.TestSources" name="test_live_count" time="0.031" /><testcase classname="tests.test_iteration5.TestRegression" name="test_saved_and_prefs_and_digest" time="0.605" /><testcase classname="tests.test_iteration5.TestSubmissionFlow" name="test_community_source_scraper_exposed" time="0.229"><failure message="AssertionError: source_scraper missing: None&#10;assert None == 'community-submission'&#10; +  where None = &lt;built-in method get of dict object at 0xfdcaad2de6c0&gt;('source_scraper')&#10; +    where &lt;built-in method get of dict object at 0xfdcaad2de6c0&gt; = {'id': '3b2d40c0-5410-4810-b9d3-9a000268abb9', 'title': 'TEST_Prov dd8e1d', 'organisation': 'TEST_Org Pty Ltd', 'category': 'job', ...}.get">E   AssertionError: source_scraper missing: None
    assert None == 'community-submission'
     +  where None = &lt;built-in method get of dict object at 0xfdcaad2de6c0&gt;('source_scraper')
     +    where &lt;built-in method get of dict object at 0xfdcaad2de6c0&gt; = {'id': '3b2d40c0-5410-4810-b9d3-9a000268abb9', 'title': 'TEST_Prov dd8e1d', 'organisation': 'TEST_Org Pty Ltd', 'category': 'job', ...}.get</failure></testcase><testcase classname="tests.test_iteration5.TestSubmissionFlow" name="test_unknown_id" time="0.104" /></testsuite></testsuites>