<?xml version="1.0" encoding="utf-8"?><testsuites name="pytest tests"><testsuite name="pytest" errors="0" failures="2" skipped="0" tests="43" time="28.775" timestamp="2026-08-28T07:35:24.295053+00:00" hostname="agent-env-4f11bd87-7123-4517-b725-8fe95f95a5f7"><testcase classname="tests.backend_test.TestDigest" name="test_digest_on_demand_no_prefs" time="0.273" /><testcase classname="tests.test_iteration5.TestSubmissionFlow" name="test_public_submission_no_auth" time="0.271" /><testcase classname="tests.test_iteration5.TestSubmissionFlow" name="test_submission_validation" time="0.070" /><testcase classname="tests.backend_test.TestDigest" name="test_digest_is_today" time="0.081" /><testcase classname="tests.test_iteration5.TestSubmissionFlow" name="test_admin_verify" time="0.231" /><testcase classname="tests.backend_test.TestDigest" name="test_digest_stale_not_returned" time="0.122" /><testcase classname="tests.backend_test.TestDigest" name="test_digest_persisted_and_stable" time="0.103" /><testcase classname="tests.test_iteration5.TestSubmissionFlow" name="test_admin_list_submissions" time="0.215" /><testcase classname="tests.backend_test.TestDigest" name="test_digest_respects_preferences" time="0.153" /><testcase classname="tests.backend_test.TestDigest" name="test_digest_excludes_expired" time="0.042" /><testcase classname="tests.test_iteration5.TestOpportunities" name="test_legacy_demo_data_gone" time="0.233" /><testcase classname="tests.test_iteration5.TestSubmissionFlow" name="test_approve_creates_opportunity" time="0.363" /><testcase classname="tests.test_iteration5.TestOpportunities" name="test_only_scraped_or_community_items" time="0.041" /><testcase classname="tests.test_iteration5.TestOpportunities" name="test_source_scraper_field_exposed" time="0.035"><failure message="AssertionError: source_scraper stripped by response model&#10;assert 'source_scraper' in {'id': 'etenders-d52e05294ab4be05', 'title': 'MANUFACTURE, TESTING, SUPPLY AND DELIVERY OF LV WIRING CABLE AND FLEXIBLE CORDS', 'organisation': 'South African Government', 'category': 'tender', ...}">E   AssertionError: source_scraper stripped by response model
    assert 'source_scraper' in {'id': 'etenders-d52e05294ab4be05', 'title': 'MANUFACTURE, TESTING, SUPPLY AND DELIVERY OF LV WIRING CABLE AND FLEXIBLE CORDS', 'organisation': 'South African Government', 'category': 'tender', ...}</failure></testcase><testcase classname="tests.test_iteration5.TestOpportunities" name="test_category_filter" time="0.118" /><testcase classname="tests.test_iteration5.TestSubmissionFlow" name="test_approve_requires_admin" time="0.343" /><testcase classname="tests.test_iteration5.TestOpportunities" name="test_stats" time="0.039" /><testcase classname="tests.test_iteration5.TestOpportunities" name="test_detail_and_share" time="0.250" /><testcase classname="tests.test_iteration5.TestSubmissionFlow" name="test_reject_does_not_publish" time="0.396" /><testcase classname="tests.backend_test.TestCoreRegression" name="test_opportunities_list" time="0.043" /><testcase classname="tests.backend_test.TestCoreRegression" name="test_opportunity_detail" time="0.097" /><testcase classname="tests.backend_test.TestCoreRegression" name="test_opportunity_detail_404" time="0.038" /><testcase classname="tests.backend_test.TestCoreRegression" name="test_search" time="0.082" /><testcase classname="tests.backend_test.TestCoreRegression" name="test_stats" time="0.081" /><testcase classname="tests.backend_test.TestCronDigest" name="test_cron_no_auth_401" time="0.085" /><testcase classname="tests.test_iteration5.TestSubmissionFlow" name="test_community_source_scraper_exposed" time="0.128"><failure message="AssertionError: source_scraper missing: None&#10;assert None == 'community-submission'&#10; +  where None = &lt;built-in method get of dict object at 0xfc8258753ac0&gt;('source_scraper')&#10; +    where &lt;built-in method get of dict object at 0xfc8258753ac0&gt; = {'id': 'adbe6437-eb99-4b17-bd5b-71d017054448', 'title': 'TEST_Prov 937cde', 'organisation': 'TEST_Org Pty Ltd', 'category': 'job', ...}.get">E   AssertionError: source_scraper missing: None
    assert None == 'community-submission'
     +  where None = &lt;built-in method get of dict object at 0xfc8258753ac0&gt;('source_scraper')
     +    where &lt;built-in method get of dict object at 0xfc8258753ac0&gt; = {'id': 'adbe6437-eb99-4b17-bd5b-71d017054448', 'title': 'TEST_Prov 937cde', 'organisation': 'TEST_Org Pty Ltd', 'category': 'job', ...}.get</failure></testcase><testcase classname="tests.backend_test.TestCronDigest" name="test_cron_bad_secret_401" time="0.043" /><testcase classname="tests.backend_test.TestCronDigest" name="test_cron_authorised_and_idempotent" time="12.243" /><testcase classname="tests.test_iteration5.TestSubmissionFlow" name="test_unknown_id" time="0.102" /><testcase classname="tests.test_iteration5.TestScrapeAuth" name="test_scrape_now_unauthorized" time="0.136" /><testcase classname="tests.test_iteration5.TestScrapeAuth" name="test_scrape_now_authorized" time="0.071" /><testcase classname="tests.test_iteration5.TestScrapeAuth" name="test_cron_scrape_auth" time="0.096" /><testcase classname="tests.test_iteration5.TestScrapeAuth" name="test_secrets_not_leaked" time="0.039" /><testcase classname="tests.backend_test.TestSharePage" name="test_share_html_ok" time="0.241" /><testcase classname="tests.backend_test.TestSharePage" name="test_share_og_image_resolvable" time="0.587" /><testcase classname="tests.backend_test.TestSharePage" name="test_share_404" time="0.072" /><testcase classname="tests.test_iteration5.TestSources" name="test_sources_list" time="0.077" /><testcase classname="tests.test_iteration5.TestSources" name="test_live_count" time="0.033" /><testcase classname="tests.test_iteration5.TestRegression" name="test_saved_and_prefs_and_digest" time="0.303" /><testcase classname="tests.backend_test.TestCronDigest" name="test_cron_no_duplicate_rows_in_mongo" time="12.162" /><testcase classname="tests.backend_test.TestOgImage" name="test_og_png_ok" time="0.148" /><testcase classname="tests.backend_test.TestOgImage" name="test_og_all_opps_render" time="1.677" /><testcase classname="tests.backend_test.TestOgImage" name="test_og_404" time="0.040" /></testsuite></testsuites>